Compilación iniciada a las 14/05/2018 19:17:28.
     1>Proyecto "F:\trabajoinfor\Trabajo_InfIndGC\Pang.vcxproj" en el nodo 2 (Build destinos).
     1>ClCompile:
         C:\Program Files (x86)\Microsoft Visual Studio 11.0\VC\bin\CL.exe /c /Ilib /Isrc /ZI /nologo /W3 /WX- /Od /Oy- /D WIN32 /D _DEBUG /D _CONSOLE /D _UNICODE /D UNICODE /Gm /EHsc /RTC1 /MDd /GS /fp:precise /Zc:wchar_t /Zc:forScope /Fo"tmp\Debug\\" /Fd"tmp\Debug\vc110.pdb" /Gd /TP /analyze- /errorReport:prompt src\Circuito.cpp src\Curva.cpp src\Main.cpp src\Mundo.cpp src\Pista.cpp src\Recta.cpp
         Circuito.cpp
         Generando código...
         Compilando...
         Recta.cpp
         Pista.cpp
         Mundo.cpp
         Main.cpp
         Curva.cpp
         Generando código...
       Link:
         C:\Program Files (x86)\Microsoft Visual Studio 11.0\VC\bin\link.exe /ERRORREPORT:PROMPT /OUT:"F:\trabajoinfor\Trabajo_InfIndGC\bin\TrabajoInfIndGC.exe" /INCREMENTAL /NOLOGO /LIBPATH:lib kernel32.lib user32.lib gdi32.lib winspool.lib comdlg32.lib advapi32.lib shell32.lib ole32.lib oleaut32.lib uuid.lib odbc32.lib odbccp32.lib /MANIFEST /MANIFESTUAC:"level='asInvoker' uiAccess='false'" /manifest:embed /DEBUG /PDB:"F:\trabajoinfor\Trabajo_InfIndGC\bin\TrabajoInfIndGC.pdb" /SUBSYSTEM:CONSOLE /TLBID:1 /DYNAMICBASE /NXCOMPAT /IMPLIB:"F:\trabajoinfor\Trabajo_InfIndGC\bin\TrabajoInfIndGC.lib" /MACHINE:X86 tmp\Debug\Background.obj
         tmp\Debug\Circuito.obj
         tmp\Debug\Color.obj
         tmp\Debug\Curva.obj
         tmp\Debug\Interaccion.obj
         tmp\Debug\Main.obj
         tmp\Debug\Mundo.obj
         tmp\Debug\Pista.obj
         tmp\Debug\Recta.obj
         tmp\Debug\Vector3D.obj
         Pang.vcxproj -> F:\trabajoinfor\Trabajo_InfIndGC\bin\TrabajoInfIndGC.exe
     1>Compilación del proyecto terminada "F:\trabajoinfor\Trabajo_InfIndGC\Pang.vcxproj" (Build destinos).

Compilación correcta.

Tiempo transcurrido 00:00:15.57
