C:\USERS\GUILLERMO MATAS\DOCUMENTS\UNIVERSIDAD\UPM\TERCER CURSO\TRABAJO_INFIND\PANG\TMP\DEBUG\CIRCUITO.OBJ
C:\USERS\GUILLERMO MATAS\DOCUMENTS\UNIVERSIDAD\UPM\TERCER CURSO\TRABAJO_INFIND\PANG\TMP\DEBUG\COLOR.OBJ
C:\USERS\GUILLERMO MATAS\DOCUMENTS\UNIVERSIDAD\UPM\TERCER CURSO\TRABAJO_INFIND\PANG\TMP\DEBUG\FUERAPISTA.OBJ
C:\USERS\GUILLERMO MATAS\DOCUMENTS\UNIVERSIDAD\UPM\TERCER CURSO\TRABAJO_INFIND\PANG\TMP\DEBUG\INTERACCION.OBJ
C:\USERS\GUILLERMO MATAS\DOCUMENTS\UNIVERSIDAD\UPM\TERCER CURSO\TRABAJO_INFIND\PANG\TMP\DEBUG\MAIN.OBJ
C:\USERS\GUILLERMO MATAS\DOCUMENTS\UNIVERSIDAD\UPM\TERCER CURSO\TRABAJO_INFIND\PANG\TMP\DEBUG\MUNDO.OBJ
C:\USERS\GUILLERMO MATAS\DOCUMENTS\UNIVERSIDAD\UPM\TERCER CURSO\TRABAJO_INFIND\PANG\TMP\DEBUG\PISTA.OBJ
C:\USERS\GUILLERMO MATAS\DOCUMENTS\UNIVERSIDAD\UPM\TERCER CURSO\TRABAJO_INFIND\PANG\TMP\DEBUG\RAMPA.OBJ
C:\USERS\GUILLERMO MATAS\DOCUMENTS\UNIVERSIDAD\UPM\TERCER CURSO\TRABAJO_INFIND\PANG\TMP\DEBUG\TURBOPISTA.OBJ
C:\USERS\GUILLERMO MATAS\DOCUMENTS\UNIVERSIDAD\UPM\TERCER CURSO\TRABAJO_INFIND\PANG\TMP\DEBUG\VECTOR3D.OBJ
C:\USERS\GUILLERMO MATAS\DOCUMENTS\UNIVERSIDAD\UPM\TERCER CURSO\TRABAJO_INFIND\PANG\TMP\DEBUG\VC110.PDB
C:\USERS\GUILLERMO MATAS\DOCUMENTS\UNIVERSIDAD\UPM\TERCER CURSO\TRABAJO_INFIND\PANG\BIN\PANG.ILK
C:\USERS\GUILLERMO MATAS\DOCUMENTS\UNIVERSIDAD\UPM\TERCER CURSO\TRABAJO_INFIND\PANG\BIN\PANG.EXE
C:\USERS\GUILLERMO MATAS\DOCUMENTS\UNIVERSIDAD\UPM\TERCER CURSO\TRABAJO_INFIND\PANG\BIN\PANG.PDB
C:\Users\Guillermo Matas\Documents\Universidad\UPM\TERCER CURSO\Trabajo_InfInd\Pang\tmp\Debug\Circuito.obj
C:\Users\Guillermo Matas\Documents\Universidad\UPM\TERCER CURSO\Trabajo_InfInd\Pang\tmp\Debug\Color.obj
C:\Users\Guillermo Matas\Documents\Universidad\UPM\TERCER CURSO\Trabajo_InfInd\Pang\tmp\Debug\FueraPista.obj
C:\Users\Guillermo Matas\Documents\Universidad\UPM\TERCER CURSO\Trabajo_InfInd\Pang\tmp\Debug\Interaccion.obj
C:\Users\Guillermo Matas\Documents\Universidad\UPM\TERCER CURSO\Trabajo_InfInd\Pang\tmp\Debug\Main.obj
C:\Users\Guillermo Matas\Documents\Universidad\UPM\TERCER CURSO\Trabajo_InfInd\Pang\tmp\Debug\Mundo.obj
C:\Users\Guillermo Matas\Documents\Universidad\UPM\TERCER CURSO\Trabajo_InfInd\Pang\tmp\Debug\Pista.obj
C:\Users\Guillermo Matas\Documents\Universidad\UPM\TERCER CURSO\Trabajo_InfInd\Pang\tmp\Debug\Rampa.obj
C:\Users\Guillermo Matas\Documents\Universidad\UPM\TERCER CURSO\Trabajo_InfInd\Pang\tmp\Debug\TurboPista.obj
C:\Users\Guillermo Matas\Documents\Universidad\UPM\TERCER CURSO\Trabajo_InfInd\Pang\tmp\Debug\Vector3D.obj
C:\Users\Guillermo Matas\Documents\Universidad\UPM\TERCER CURSO\Trabajo_InfInd\Pang\tmp\Debug\cl.command.1.tlog
C:\Users\Guillermo Matas\Documents\Universidad\UPM\TERCER CURSO\Trabajo_InfInd\Pang\tmp\Debug\CL.read.1.tlog
C:\Users\Guillermo Matas\Documents\Universidad\UPM\TERCER CURSO\Trabajo_InfInd\Pang\tmp\Debug\CL.write.1.tlog
C:\Users\Guillermo Matas\Documents\Universidad\UPM\TERCER CURSO\Trabajo_InfInd\Pang\tmp\Debug\link-cvtres.read.1.tlog
C:\Users\Guillermo Matas\Documents\Universidad\UPM\TERCER CURSO\Trabajo_InfInd\Pang\tmp\Debug\link-cvtres.write.1.tlog
C:\Users\Guillermo Matas\Documents\Universidad\UPM\TERCER CURSO\Trabajo_InfInd\Pang\tmp\Debug\link-rc.read.1.tlog
C:\Users\Guillermo Matas\Documents\Universidad\UPM\TERCER CURSO\Trabajo_InfInd\Pang\tmp\Debug\link-rc.write.1.tlog
C:\Users\Guillermo Matas\Documents\Universidad\UPM\TERCER CURSO\Trabajo_InfInd\Pang\tmp\Debug\link.command.1.tlog
C:\Users\Guillermo Matas\Documents\Universidad\UPM\TERCER CURSO\Trabajo_InfInd\Pang\tmp\Debug\link.read.1.tlog
C:\Users\Guillermo Matas\Documents\Universidad\UPM\TERCER CURSO\Trabajo_InfInd\Pang\tmp\Debug\link.write.1.tlog
C:\Users\Guillermo Matas\Documents\Universidad\UPM\TERCER CURSO\Trabajo_InfInd\Pang\tmp\Debug\vc110.idb
C:\Users\Guillermo Matas\Documents\Universidad\UPM\TERCER CURSO\Trabajo_InfInd\Pang\tmp\Debug\vc110.pdb
C:\Users\Guillermo Matas\Documents\Universidad\UPM\TERCER CURSO\Trabajo_InfInd\Pang\bin\TrabajoInfIndGC.pdb
